INFO - 
--------- Loss ---------
INFO - Name : multiclass_nll
INFO - eta : 5
INFO - 
------ Regularizer -----
INFO - Name : LP
INFO - lambda : 1e-05
INFO - p : 3
INFO - 
------ Optimizer -----
INFO - Name : adam
INFO - lr : 0.001
INFO - 
------ Initializer -----
INFO - Name : xavier
INFO - uniform : False
INFO - 
--------- Loss ---------
INFO - Name : multiclass_nll
INFO - eta : 5
INFO - 
------ Regularizer -----
INFO - Name : LP
INFO - lambda : 1e-05
INFO - p : 3
INFO - 
------ Optimizer -----
INFO - Name : adam
INFO - lr : 0.001
INFO - 
------ Initializer -----
INFO - Name : xavier
INFO - uniform : False
WARNING - DeprecationWarning: use_default_protocol will be removed in future. Please use corrupt_side argument instead.
INFO - Using model entity dictionary to create Tensorboard metadata.tsv
INFO - Writing embeddings tsv to: dsci558_embeddings/embeddings_projector.tsv
INFO - Using model entity dictionary to create Tensorboard metadata.tsv
INFO - Writing embeddings tsv to: dsci558_embeddings/embeddings_projector.tsv
INFO - 
--------- Loss ---------
INFO - Name : multiclass_nll
INFO - eta : 5
INFO - 
------ Regularizer -----
INFO - Name : LP
INFO - lambda : 1e-05
INFO - p : 3
INFO - 
------ Optimizer -----
INFO - Name : adam
INFO - lr : 0.001
INFO - 
------ Initializer -----
INFO - Name : xavier
INFO - uniform : False
WARNING - DeprecationWarning: use_default_protocol will be removed in future. Please use corrupt_side argument instead.
INFO - Using model entity dictionary to create Tensorboard metadata.tsv
INFO - Writing embeddings tsv to: dsci558_embeddings/embeddings_projector.tsv
INFO - 
--------- Loss ---------
INFO - Name : multiclass_nll
INFO - eta : 5
INFO - 
------ Regularizer -----
INFO - Name : LP
INFO - lambda : 1e-05
INFO - p : 3
INFO - 
------ Optimizer -----
INFO - Name : adam
INFO - lr : 0.001
INFO - 
------ Initializer -----
INFO - Name : xavier
INFO - uniform : False
WARNING - DeprecationWarning: use_default_protocol will be removed in future. Please use corrupt_side argument instead.
INFO - Using model entity dictionary to create Tensorboard metadata.tsv
INFO - Writing embeddings tsv to: dsci558_embeddings/embeddings_projector.tsv
INFO - Using model entity dictionary to create Tensorboard metadata.tsv
INFO - Writing embeddings tsv to: data/embeddings_projector.tsv
INFO - 
--------- Loss ---------
INFO - Name : multiclass_nll
INFO - eta : 5
INFO - 
------ Regularizer -----
INFO - Name : LP
INFO - lambda : 1e-05
INFO - p : 3
INFO - 
------ Optimizer -----
INFO - Name : adam
INFO - lr : 0.001
INFO - 
------ Initializer -----
INFO - Name : xavier
INFO - uniform : False
WARNING - DeprecationWarning: use_default_protocol will be removed in future. Please use corrupt_side argument instead.
INFO - Using model entity dictionary to create Tensorboard metadata.tsv
INFO - Writing embeddings tsv to: data/embeddings_projector.tsv
INFO - Using model entity dictionary to create Tensorboard metadata.tsv
INFO - Writing embeddings tsv to: dsci558_embeddings/embeddings_projector.tsv
INFO - Using model entity dictionary to create Tensorboard metadata.tsv
INFO - Writing embeddings tsv to: dsci558_embeddings/embeddings_projector.tsv
INFO - 
--------- Loss ---------
INFO - Name : multiclass_nll
INFO - eta : 5
INFO - 
------ Regularizer -----
INFO - Name : LP
INFO - lambda : 1e-05
INFO - p : 3
INFO - 
------ Optimizer -----
INFO - Name : adam
INFO - lr : 0.001
INFO - 
------ Initializer -----
INFO - Name : xavier
INFO - uniform : False
WARNING - DeprecationWarning: use_default_protocol will be removed in future. Please use corrupt_side argument instead.
INFO - Using model entity dictionary to create Tensorboard metadata.tsv
INFO - Writing embeddings tsv to: dsci558_embeddings/embeddings_projector.tsv
